This is pdfTeX, Version 3.141592653-2.6-1.40.24 (MiKTeX 22.12) (preloaded format=pdflatex 2023.7.2)  14 JUL 2023 11:55
entering extended mode
 restricted \write18 enabled.
 file:line:error style messages enabled.
 %&-line parsing enabled.
**/home/intel-nuc/GitHub/Portfolio_Optimization/apresentacao/apresentacao.tex
(/home/intel-nuc/GitHub/Portfolio_Optimization/apresentacao/apresentacao.tex
LaTeX2e <2023-06-01> patch level 1
L3 programming layer <2023-06-16>
(/home/intel-nuc/.miktex/texmfs/install/tex/latex/beamer/beamer.cls
Document Class: beamer 2023/05/15 v3.70 A class for typesetting presentations
(/home/intel-nuc/.miktex/texmfs/install/tex/latex/beamer/beamerbasemodes.sty (/home/intel-nuc/.miktex/texmfs/install/tex/latex/etoolbox/etoolbox.sty
Package: etoolbox 2020/10/05 v2.5k e-TeX tools for LaTeX (JAW)
\etb@tempcnta=\count185
)
\beamer@tempbox=\box51
\beamer@tempcount=\count186
\c@beamerpauses=\count187
 (/home/intel-nuc/.miktex/texmfs/install/tex/latex/beamer/beamerbasedecode.sty
\beamer@slideinframe=\count188
\beamer@minimum=\count189
\beamer@decode@box=\box52
)
\beamer@commentbox=\box53
\beamer@modecount=\count190
) (/home/intel-nuc/.miktex/texmfs/install/tex/generic/iftex/iftex.sty
Package: iftex 2022/02/03 v1.0f TeX engine tests
)
\headdp=\dimen140
\footheight=\dimen141
\sidebarheight=\dimen142
\beamer@tempdim=\dimen143
\beamer@finalheight=\dimen144
\beamer@animht=\dimen145
\beamer@animdp=\dimen146
\beamer@animwd=\dimen147
\beamer@leftmargin=\dimen148
\beamer@rightmargin=\dimen149
\beamer@leftsidebar=\dimen150
\beamer@rightsidebar=\dimen151
\beamer@boxsize=\dimen152
\beamer@vboxoffset=\dimen153
\beamer@descdefault=\dimen154
\beamer@descriptionwidth=\dimen155
\beamer@lastskip=\skip48
\beamer@areabox=\box54
\beamer@animcurrent=\box55
\beamer@animshowbox=\box56
\beamer@sectionbox=\box57
\beamer@logobox=\box58
\beamer@linebox=\box59
\beamer@sectioncount=\count191
\beamer@subsubsectionmax=\count192
\beamer@subsectionmax=\count193
\beamer@sectionmax=\count194
\beamer@totalheads=\count195
\beamer@headcounter=\count196
\beamer@partstartpage=\count197
\beamer@sectionstartpage=\count198
\beamer@subsectionstartpage=\count199
\beamer@animationtempa=\count266
\beamer@animationtempb=\count267
\beamer@xpos=\count268
\beamer@ypos=\count269
\beamer@ypos@offset=\count270
\beamer@showpartnumber=\count271
\beamer@currentsubsection=\count272
\beamer@coveringdepth=\count273
\beamer@sectionadjust=\count274
\beamer@toclastsection=\count275
\beamer@tocsectionnumber=\count276
 (/home/intel-nuc/.miktex/texmfs/install/tex/latex/beamer/beamerbaseoptions.sty (/home/intel-nuc/.miktex/texmfs/install/tex/latex/graphics/keyval.sty
Package: keyval 2022/05/29 v1.15 key=value parser (DPC)
\KV@toks@=\toks17
))
\beamer@paperwidth=\skip49
\beamer@paperheight=\skip50
 (/home/intel-nuc/.miktex/texmfs/install/tex/latex/geometry/geometry.sty
Package: geometry 2020/01/02 v5.9 Page Geometry
 (/home/intel-nuc/.miktex/texmfs/install/tex/generic/iftex/ifvtex.sty
Package: ifvtex 2019/10/25 v1.7 ifvtex legacy package. Use iftex instead.
)
\Gm@cnth=\count277
\Gm@cntv=\count278
\c@Gm@tempcnt=\count279
\Gm@bindingoffset=\dimen156
\Gm@wd@mp=\dimen157
\Gm@odd@mp=\dimen158
\Gm@even@mp=\dimen159
\Gm@layoutwidth=\dimen160
\Gm@layoutheight=\dimen161
\Gm@layouthoffset=\dimen162
\Gm@layoutvoffset=\dimen163
\Gm@dimlist=\toks18
 (/home/intel-nuc/.miktex/texmfs/install/tex/latex/geometry/geometry.cfg)) (/home/intel-nuc/.miktex/texmfs/install/tex/latex/pgf/math/pgfmath.sty (/home/intel-nuc/.miktex/texmfs/install/tex/latex/pgf/utilities/pgfrcs.sty (/home/intel-nuc/.miktex/texmfs/install/tex/generic/pgf/utilities/pgfutil-common.tex
\pgfutil@everybye=\toks19
\pgfutil@tempdima=\dimen164
\pgfutil@tempdimb=\dimen165
) (/home/intel-nuc/.miktex/texmfs/install/tex/generic/pgf/utilities/pgfutil-latex.def
\pgfutil@abb=\box60
) (/home/intel-nuc/.miktex/texmfs/install/tex/generic/pgf/utilities/pgfrcs.code.tex (/home/intel-nuc/.miktex/texmfs/install/tex/generic/pgf/pgf.revision.tex)
Package: pgfrcs 2023-01-15 v3.1.10 (3.1.10)
)) (/home/intel-nuc/.miktex/texmfs/install/tex/latex/pgf/utilities/pgfkeys.sty (/home/intel-nuc/.miktex/texmfs/install/tex/generic/pgf/utilities/pgfkeys.code.tex
\pgfkeys@pathtoks=\toks20
\pgfkeys@temptoks=\toks21
 (/home/intel-nuc/.miktex/texmfs/install/tex/generic/pgf/utilities/pgfkeyslibraryfiltered.code.tex
\pgfkeys@tmptoks=\toks22
))) (/home/intel-nuc/.miktex/texmfs/install/tex/generic/pgf/math/pgfmath.code.tex (/home/intel-nuc/.miktex/texmfs/install/tex/generic/pgf/math/pgfmathutil.code.tex
\pgf@x=\dimen166
\pgf@xa=\dimen167
\pgf@xb=\dimen168
\pgf@xc=\dimen169
\pgf@y=\dimen170
\pgf@ya=\dimen171
\pgf@yb=\dimen172
\pgf@yc=\dimen173
\c@pgf@counta=\count280
\c@pgf@countb=\count281
\c@pgf@countc=\count282
\c@pgf@countd=\count283
) (/home/intel-nuc/.miktex/texmfs/install/tex/generic/pgf/math/pgfmathparser.code.tex
\pgfmath@dimen=\dimen174
\pgfmath@count=\count284
\pgfmath@box=\box61
\pgfmath@toks=\toks23
\pgfmath@stack@operand=\toks24
\pgfmath@stack@operation=\toks25
) (/home/intel-nuc/.miktex/texmfs/install/tex/generic/pgf/math/pgfmathfunctions.code.tex) (/home/intel-nuc/.miktex/texmfs/install/tex/generic/pgf/math/pgfmathfunctions.basic.code.tex) (/home/intel-nuc/.miktex/texmfs/install/tex/generic/pgf/math/pgfmathfunctions.trigonometric.code.tex) (/home/intel-nuc/.miktex/texmfs/install/tex/generic/pgf/math/pgfmathfunctions.random.code.tex) (/home/intel-nuc/.miktex/texmfs/install/tex/generic/pgf/math/pgfmathfunctions.comparison.code.tex) (/home/intel-nuc/.miktex/texmfs/install/tex/generic/pgf/math/pgfmathfunctions.base.code.tex) (/home/intel-nuc/.miktex/texmfs/install/tex/generic/pgf/math/pgfmathfunctions.round.code.tex) (/home/intel-nuc/.miktex/texmfs/install/tex/generic/pgf/math/pgfmathfunctions.misc.code.tex) (/home/intel-nuc/.miktex/texmfs/install/tex/generic/pgf/math/pgfmathfunctions.integerarithmetics.code.tex) (/home/intel-nuc/.miktex/texmfs/install/tex/generic/pgf/math/pgfmathcalc.code.tex) (/home/intel-nuc/.miktex/texmfs/install/tex/generic/pgf/math/pgfmathfloat.code.tex
\c@pgfmathroundto@lastzeros=\count285
))) (/home/intel-nuc/.miktex/texmfs/install/tex/latex/extsizes/size9.clo
File: size9.clo 1999/11/11 v1.4a NON-Standard LaTeX file (size option)
) (/home/intel-nuc/.miktex/texmfs/install/tex/latex/pgf/basiclayer/pgfcore.sty (/home/intel-nuc/.miktex/texmfs/install/tex/latex/graphics/graphicx.sty
Package: graphicx 2021/09/16 v1.2d Enhanced LaTeX Graphics (DPC,SPQR)
 (/home/intel-nuc/.miktex/texmfs/install/tex/latex/graphics/graphics.sty
Package: graphics 2022/03/10 v1.4e Standard LaTeX Graphics (DPC,SPQR)
 (/home/intel-nuc/.miktex/texmfs/install/tex/latex/graphics/trig.sty
Package: trig 2021/08/11 v1.11 sin cos tan (DPC)
) (/home/intel-nuc/.miktex/texmfs/install/tex/latex/graphics-cfg/graphics.cfg
File: graphics.cfg 2016/06/04 v1.11 sample graphics configuration
)
Package graphics Info: Driver file: pdftex.def on input line 107.
 (/home/intel-nuc/.miktex/texmfs/install/tex/latex/graphics-def/pdftex.def
File: pdftex.def 2022/09/22 v1.2b Graphics/color driver for pdftex
))
\Gin@req@height=\dimen175
\Gin@req@width=\dimen176
) (/home/intel-nuc/.miktex/texmfs/install/tex/latex/pgf/systemlayer/pgfsys.sty (/home/intel-nuc/.miktex/texmfs/install/tex/generic/pgf/systemlayer/pgfsys.code.tex
Package: pgfsys 2023-01-15 v3.1.10 (3.1.10)
\pgf@x=\dimen177
\pgf@y=\dimen178
\pgf@xa=\dimen179
\pgf@ya=\dimen180
\pgf@xb=\dimen181
\pgf@yb=\dimen182
\pgf@xc=\dimen183
\pgf@yc=\dimen184
\pgf@xd=\dimen185
\pgf@yd=\dimen186
\w@pgf@writea=\write3
\r@pgf@reada=\read2
\c@pgf@counta=\count286
\c@pgf@countb=\count287
\c@pgf@countc=\count288
\c@pgf@countd=\count289
\t@pgf@toka=\toks26
\t@pgf@tokb=\toks27
\t@pgf@tokc=\toks28
\pgf@sys@id@count=\count290
 (/home/intel-nuc/.miktex/texmfs/install/tex/generic/pgf/systemlayer/pgf.cfg
File: pgf.cfg 2023-01-15 v3.1.10 (3.1.10)
)
Driver file for pgf: pgfsys-pdftex.def
 (/home/intel-nuc/.miktex/texmfs/install/tex/generic/pgf/systemlayer/pgfsys-pdftex.def
File: pgfsys-pdftex.def 2023-01-15 v3.1.10 (3.1.10)
 (/home/intel-nuc/.miktex/texmfs/install/tex/generic/pgf/systemlayer/pgfsys-common-pdf.def
File: pgfsys-common-pdf.def 2023-01-15 v3.1.10 (3.1.10)
))) (/home/intel-nuc/.miktex/texmfs/install/tex/generic/pgf/systemlayer/pgfsyssoftpath.code.tex
File: pgfsyssoftpath.code.tex 2023-01-15 v3.1.10 (3.1.10)
\pgfsyssoftpath@smallbuffer@items=\count291
\pgfsyssoftpath@bigbuffer@items=\count292
) (/home/intel-nuc/.miktex/texmfs/install/tex/generic/pgf/systemlayer/pgfsysprotocol.code.tex
File: pgfsysprotocol.code.tex 2023-01-15 v3.1.10 (3.1.10)
)) (/home/intel-nuc/.miktex/texmfs/install/tex/latex/xcolor/xcolor.sty
Package: xcolor 2022/06/12 v2.14 LaTeX color extensions (UK)
 (/home/intel-nuc/.miktex/texmfs/install/tex/latex/graphics-cfg/color.cfg
File: color.cfg 2016/01/02 v1.6 sample color configuration
)
Package xcolor Info: Driver file: pdftex.def on input line 227.
 (/home/intel-nuc/.miktex/texmfs/install/tex/latex/graphics/mathcolor.ltx)
Package xcolor Info: Model `cmy' substituted by `cmy0' on input line 1353.
Package xcolor Info: Model `hsb' substituted by `rgb' on input line 1357.
Package xcolor Info: Model `RGB' extended on input line 1369.
Package xcolor Info: Model `HTML' substituted by `rgb' on input line 1371.
Package xcolor Info: Model `Hsb' substituted by `hsb' on input line 1372.
Package xcolor Info: Model `tHsb' substituted by `hsb' on input line 1373.
Package xcolor Info: Model `HSB' substituted by `hsb' on input line 1374.
Package xcolor Info: Model `Gray' substituted by `gray' on input line 1375.
Package xcolor Info: Model `wave' substituted by `hsb' on input line 1376.
) (/home/intel-nuc/.miktex/texmfs/install/tex/generic/pgf/basiclayer/pgfcore.code.tex
Package: pgfcore 2023-01-15 v3.1.10 (3.1.10)
 (/home/intel-nuc/.miktex/texmfs/install/tex/generic/pgf/math/pgfint.code.tex) (/home/intel-nuc/.miktex/texmfs/install/tex/generic/pgf/basiclayer/pgfcorepoints.code.tex
File: pgfcorepoints.code.tex 2023-01-15 v3.1.10 (3.1.10)
\pgf@picminx=\dimen187
\pgf@picmaxx=\dimen188
\pgf@picminy=\dimen189
\pgf@picmaxy=\dimen190
\pgf@pathminx=\dimen191
\pgf@pathmaxx=\dimen192
\pgf@pathminy=\dimen193
\pgf@pathmaxy=\dimen194
\pgf@xx=\dimen195
\pgf@xy=\dimen196
\pgf@yx=\dimen197
\pgf@yy=\dimen198
\pgf@zx=\dimen199
\pgf@zy=\dimen256
) (/home/intel-nuc/.miktex/texmfs/install/tex/generic/pgf/basiclayer/pgfcorepathconstruct.code.tex
File: pgfcorepathconstruct.code.tex 2023-01-15 v3.1.10 (3.1.10)
\pgf@path@lastx=\dimen257
\pgf@path@lasty=\dimen258
) (/home/intel-nuc/.miktex/texmfs/install/tex/generic/pgf/basiclayer/pgfcorepathusage.code.tex
File: pgfcorepathusage.code.tex 2023-01-15 v3.1.10 (3.1.10)
\pgf@shorten@end@additional=\dimen259
\pgf@shorten@start@additional=\dimen260
) (/home/intel-nuc/.miktex/texmfs/install/tex/generic/pgf/basiclayer/pgfcorescopes.code.tex
File: pgfcorescopes.code.tex 2023-01-15 v3.1.10 (3.1.10)
\pgfpic=\box62
\pgf@hbox=\box63
\pgf@layerbox@main=\box64
\pgf@picture@serial@count=\count293
) (/home/intel-nuc/.miktex/texmfs/install/tex/generic/pgf/basiclayer/pgfcoregraphicstate.code.tex
File: pgfcoregraphicstate.code.tex 2023-01-15 v3.1.10 (3.1.10)
\pgflinewidth=\dimen261
) (/home/intel-nuc/.miktex/texmfs/install/tex/generic/pgf/basiclayer/pgfcoretransformations.code.tex
File: pgfcoretransformations.code.tex 2023-01-15 v3.1.10 (3.1.10)
\pgf@pt@x=\dimen262
\pgf@pt@y=\dimen263
\pgf@pt@temp=\dimen264
) (/home/intel-nuc/.miktex/texmfs/install/tex/generic/pgf/basiclayer/pgfcorequick.code.tex
File: pgfcorequick.code.tex 2023-01-15 v3.1.10 (3.1.10)
) (/home/intel-nuc/.miktex/texmfs/install/tex/generic/pgf/basiclayer/pgfcoreobjects.code.tex
File: pgfcoreobjects.code.tex 2023-01-15 v3.1.10 (3.1.10)
) (/home/intel-nuc/.miktex/texmfs/install/tex/generic/pgf/basiclayer/pgfcorepathprocessing.code.tex
File: pgfcorepathprocessing.code.tex 2023-01-15 v3.1.10 (3.1.10)
) (/home/intel-nuc/.miktex/texmfs/install/tex/generic/pgf/basiclayer/pgfcorearrows.code.tex
File: pgfcorearrows.code.tex 2023-01-15 v3.1.10 (3.1.10)
\pgfarrowsep=\dimen265
) (/home/intel-nuc/.miktex/texmfs/install/tex/generic/pgf/basiclayer/pgfcoreshade.code.tex
File: pgfcoreshade.code.tex 2023-01-15 v3.1.10 (3.1.10)
\pgf@max=\dimen266
\pgf@sys@shading@range@num=\count294
\pgf@shadingcount=\count295
) (/home/intel-nuc/.miktex/texmfs/install/tex/generic/pgf/basiclayer/pgfcoreimage.code.tex
File: pgfcoreimage.code.tex 2023-01-15 v3.1.10 (3.1.10)
) (/home/intel-nuc/.miktex/texmfs/install/tex/generic/pgf/basiclayer/pgfcoreexternal.code.tex
File: pgfcoreexternal.code.tex 2023-01-15 v3.1.10 (3.1.10)
\pgfexternal@startupbox=\box65
) (/home/intel-nuc/.miktex/texmfs/install/tex/generic/pgf/basiclayer/pgfcorelayers.code.tex
File: pgfcorelayers.code.tex 2023-01-15 v3.1.10 (3.1.10)
) (/home/intel-nuc/.miktex/texmfs/install/tex/generic/pgf/basiclayer/pgfcoretransparency.code.tex
File: pgfcoretransparency.code.tex 2023-01-15 v3.1.10 (3.1.10)
) (/home/intel-nuc/.miktex/texmfs/install/tex/generic/pgf/basiclayer/pgfcorepatterns.code.tex
File: pgfcorepatterns.code.tex 2023-01-15 v3.1.10 (3.1.10)
) (/home/intel-nuc/.miktex/texmfs/install/tex/generic/pgf/basiclayer/pgfcorerdf.code.tex
File: pgfcorerdf.code.tex 2023-01-15 v3.1.10 (3.1.10)
))) (/home/intel-nuc/.miktex/texmfs/install/tex/latex/pgf/utilities/xxcolor.sty
Package: xxcolor 2003/10/24 ver 0.1
\XC@nummixins=\count296
\XC@countmixins=\count297
) (/home/intel-nuc/.miktex/texmfs/install/tex/latex/base/atbegshi-ltx.sty
Package: atbegshi-ltx 2021/01/10 v1.0c Emulation of the original atbegshi
package with kernel methods
) (/home/intel-nuc/.miktex/texmfs/install/tex/latex/hyperref/hyperref.sty
Package: hyperref 2023-05-16 v7.00y Hypertext links for LaTeX
 (/home/intel-nuc/.miktex/texmfs/install/tex/generic/ltxcmds/ltxcmds.sty
Package: ltxcmds 2020-05-10 v1.25 LaTeX kernel commands for general use (HO)
) (/home/intel-nuc/.miktex/texmfs/install/tex/generic/pdftexcmds/pdftexcmds.sty
Package: pdftexcmds 2020-06-27 v0.33 Utility functions of pdfTeX for LuaTeX (HO)
 (/home/intel-nuc/.miktex/texmfs/install/tex/generic/infwarerr/infwarerr.sty
Package: infwarerr 2019/12/03 v1.5 Providing info/warning/error messages (HO)
)
Package pdftexcmds Info: \pdf@primitive is available.
Package pdftexcmds Info: \pdf@ifprimitive is available.
Package pdftexcmds Info: \pdfdraftmode found.
) (/home/intel-nuc/.miktex/texmfs/install/tex/latex/kvsetkeys/kvsetkeys.sty
Package: kvsetkeys 2022-10-05 v1.19 Key value parser (HO)
) (/home/intel-nuc/.miktex/texmfs/install/tex/generic/kvdefinekeys/kvdefinekeys.sty
Package: kvdefinekeys 2019-12-19 v1.6 Define keys (HO)
) (/home/intel-nuc/.miktex/texmfs/install/tex/generic/pdfescape/pdfescape.sty
Package: pdfescape 2019/12/09 v1.15 Implements pdfTeX's escape features (HO)
) (/home/intel-nuc/.miktex/texmfs/install/tex/latex/hycolor/hycolor.sty
Package: hycolor 2020-01-27 v1.10 Color options for hyperref/bookmark (HO)
) (/home/intel-nuc/.miktex/texmfs/install/tex/latex/letltxmacro/letltxmacro.sty
Package: letltxmacro 2019/12/03 v1.6 Let assignment for LaTeX macros (HO)
) (/home/intel-nuc/.miktex/texmfs/install/tex/latex/auxhook/auxhook.sty
Package: auxhook 2019-12-17 v1.6 Hooks for auxiliary files (HO)
) (/home/intel-nuc/.miktex/texmfs/install/tex/latex/hyperref/nameref.sty
Package: nameref 2023-05-16 v2.51 Cross-referencing by name of section
 (/home/intel-nuc/.miktex/texmfs/install/tex/latex/refcount/refcount.sty
Package: refcount 2019/12/15 v3.6 Data extraction from label references (HO)
) (/home/intel-nuc/.miktex/texmfs/install/tex/generic/gettitlestring/gettitlestring.sty
Package: gettitlestring 2019/12/15 v1.6 Cleanup title references (HO)
 (/home/intel-nuc/.miktex/texmfs/install/tex/latex/kvoptions/kvoptions.sty
Package: kvoptions 2022-06-15 v3.15 Key value format for package options (HO)
))
\c@section@level=\count298
)
\@linkdim=\dimen267
\Hy@linkcounter=\count299
\Hy@pagecounter=\count300
 (/home/intel-nuc/.miktex/texmfs/install/tex/latex/hyperref/pd1enc.def
File: pd1enc.def 2023-05-16 v7.00y Hyperref: PDFDocEncoding definition (HO)
Now handling font encoding PD1 ...
... no UTF-8 mapping file for font encoding PD1
) (/home/intel-nuc/.miktex/texmfs/install/tex/generic/intcalc/intcalc.sty
Package: intcalc 2019/12/15 v1.3 Expandable calculations with integers (HO)
)
\Hy@SavedSpaceFactor=\count301
 (/home/intel-nuc/.miktex/texmfs/install/tex/latex/hyperref/puenc.def
File: puenc.def 2023-05-16 v7.00y Hyperref: PDF Unicode definition (HO)
Now handling font encoding PU ...
... no UTF-8 mapping file for font encoding PU
)
Package hyperref Info: Option `bookmarks' set `true' on input line 4050.
Package hyperref Info: Option `bookmarksopen' set `true' on input line 4050.
Package hyperref Info: Option `implicit' set `false' on input line 4050.
Package hyperref Info: Hyper figures OFF on input line 4167.
Package hyperref Info: Link nesting OFF on input line 4172.
Package hyperref Info: Hyper index ON on input line 4175.
Package hyperref Info: Plain pages OFF on input line 4182.
Package hyperref Info: Backreferencing OFF on input line 4187.
Package hyperref Info: Implicit mode OFF; no redefinition of LaTeX internals.
Package hyperref Info: Bookmarks ON on input line 4434.
\c@Hy@tempcnt=\count302
 (/home/intel-nuc/.miktex/texmfs/install/tex/latex/url/url.sty
\Urlmuskip=\muskip16
Package: url 2013/09/16  ver 3.4  Verb mode for urls, etc.
)
LaTeX Info: Redefining \url on input line 4772.
\XeTeXLinkMargin=\dimen268
 (/home/intel-nuc/.miktex/texmfs/install/tex/generic/bitset/bitset.sty
Package: bitset 2019/12/09 v1.3 Handle bit-vector datatype (HO)
 (/home/intel-nuc/.miktex/texmfs/install/tex/generic/bigintcalc/bigintcalc.sty
Package: bigintcalc 2019/12/15 v1.5 Expandable calculations on big integers (HO)
))
\Fld@menulength=\count303
\Field@Width=\dimen269
\Fld@charsize=\dimen270
Package hyperref Info: Hyper figures OFF on input line 6051.
Package hyperref Info: Link nesting OFF on input line 6056.
Package hyperref Info: Hyper index ON on input line 6059.
Package hyperref Info: backreferencing OFF on input line 6066.
Package hyperref Info: Link coloring OFF on input line 6071.
Package hyperref Info: Link coloring with OCG OFF on input line 6076.
Package hyperref Info: PDF/A mode OFF on input line 6081.
\Hy@abspage=\count304


Package hyperref Message: Stopped early.

)
Package hyperref Info: Driver (autodetected): hpdftex.
 (/home/intel-nuc/.miktex/texmfs/install/tex/latex/hyperref/hpdftex.def
File: hpdftex.def 2023-05-16 v7.00y Hyperref driver for pdfTeX
 (/home/intel-nuc/.miktex/texmfs/install/tex/latex/base/atveryend-ltx.sty
Package: atveryend-ltx 2020/08/19 v1.0a Emulation of the original atveryend package
with kernel methods
)
\Fld@listcount=\count305
\c@bookmark@seq@number=\count306
 (/home/intel-nuc/.miktex/texmfs/install/tex/latex/rerunfilecheck/rerunfilecheck.sty
Package: rerunfilecheck 2022-07-10 v1.10 Rerun checks for auxiliary files (HO)
 (/home/intel-nuc/.miktex/texmfs/install/tex/generic/uniquecounter/uniquecounter.sty
Package: uniquecounter 2019/12/15 v1.4 Provide unlimited unique counter (HO)
)
Package uniquecounter Info: New unique counter `rerunfilecheck' on input line 285.
)) (/home/intel-nuc/.miktex/texmfs/install/tex/latex/beamer/beamerbaserequires.sty (/home/intel-nuc/.miktex/texmfs/install/tex/latex/beamer/beamerbasecompatibility.sty) (/home/intel-nuc/.miktex/texmfs/install/tex/latex/beamer/beamerbasefont.sty (/home/intel-nuc/.miktex/texmfs/install/tex/latex/amsfonts/amssymb.sty
Package: amssymb 2013/01/14 v3.01 AMS font symbols
 (/home/intel-nuc/.miktex/texmfs/install/tex/latex/amsfonts/amsfonts.sty
Package: amsfonts 2013/01/14 v3.01 Basic AMSFonts support
\@emptytoks=\toks29
\symAMSa=\mathgroup4
\symAMSb=\mathgroup5
LaTeX Font Info:    Redeclaring math symbol \hbar on input line 98.
LaTeX Font Info:    Overwriting math alphabet `\mathfrak' in version `bold'
(Font)                  U/euf/m/n --> U/euf/b/n on input line 106.
)) (/home/intel-nuc/.miktex/texmfs/install/tex/latex/sansmathaccent/sansmathaccent.sty
Package: sansmathaccent 2020/01/31
 (/home/intel-nuc/.miktex/texmfs/install/tex/latex/koma-script/scrlfile.sty
Package: scrlfile 2023/04/24 v3.40 KOMA-Script package (file load hooks)
 (/home/intel-nuc/.miktex/texmfs/install/tex/latex/koma-script/scrlfile-hook.sty
Package: scrlfile-hook 2023/04/24 v3.40 KOMA-Script package (using LaTeX hooks)
 (/home/intel-nuc/.miktex/texmfs/install/tex/latex/koma-script/scrlogo.sty
Package: scrlogo 2023/04/24 v3.40 KOMA-Script package (logo)
))))) (/home/intel-nuc/.miktex/texmfs/install/tex/latex/beamer/beamerbasetranslator.sty (/home/intel-nuc/.miktex/texmfs/install/tex/latex/translator/translator.sty
Package: translator 2021-05-31 v1.12d Easy translation of strings in LaTeX
)) (/home/intel-nuc/.miktex/texmfs/install/tex/latex/beamer/beamerbasemisc.sty) (/home/intel-nuc/.miktex/texmfs/install/tex/latex/beamer/beamerbasetwoscreens.sty) (/home/intel-nuc/.miktex/texmfs/install/tex/latex/beamer/beamerbaseoverlay.sty
\beamer@argscount=\count307
\beamer@lastskipcover=\skip51
\beamer@trivlistdepth=\count308
) (/home/intel-nuc/.miktex/texmfs/install/tex/latex/beamer/beamerbasetitle.sty) (/home/intel-nuc/.miktex/texmfs/install/tex/latex/beamer/beamerbasesection.sty
\c@lecture=\count309
\c@part=\count310
\c@section=\count311
\c@subsection=\count312
\c@subsubsection=\count313
) (/home/intel-nuc/.miktex/texmfs/install/tex/latex/beamer/beamerbaseframe.sty
\beamer@framebox=\box66
\beamer@frametitlebox=\box67
\beamer@zoombox=\box68
\beamer@zoomcount=\count314
\beamer@zoomframecount=\count315
\beamer@frametextheight=\dimen271
\c@subsectionslide=\count316
\beamer@frametopskip=\skip52
\beamer@framebottomskip=\skip53
\beamer@frametopskipautobreak=\skip54
\beamer@framebottomskipautobreak=\skip55
\beamer@envbody=\toks30
\framewidth=\dimen272
\c@framenumber=\count317
) (/home/intel-nuc/.miktex/texmfs/install/tex/latex/beamer/beamerbaseverbatim.sty
\beamer@verbatimfileout=\write4
) (/home/intel-nuc/.miktex/texmfs/install/tex/latex/beamer/beamerbaseframesize.sty
\beamer@splitbox=\box69
\beamer@autobreakcount=\count318
\beamer@autobreaklastheight=\dimen273
\beamer@frametitletoks=\toks31
\beamer@framesubtitletoks=\toks32
) (/home/intel-nuc/.miktex/texmfs/install/tex/latex/beamer/beamerbaseframecomponents.sty
\beamer@footins=\box70
) (/home/intel-nuc/.miktex/texmfs/install/tex/latex/beamer/beamerbasecolor.sty) (/home/intel-nuc/.miktex/texmfs/install/tex/latex/beamer/beamerbasenotes.sty
\beamer@frameboxcopy=\box71
) (/home/intel-nuc/.miktex/texmfs/install/tex/latex/beamer/beamerbasetoc.sty) (/home/intel-nuc/.miktex/texmfs/install/tex/latex/beamer/beamerbasetemplates.sty
\beamer@sbttoks=\toks33
 (/home/intel-nuc/.miktex/texmfs/install/tex/latex/beamer/beamerbaseauxtemplates.sty (/home/intel-nuc/.miktex/texmfs/install/tex/latex/beamer/beamerbaseboxes.sty
\bmb@box=\box72
\bmb@colorbox=\box73
\bmb@boxwidth=\dimen274
\bmb@boxheight=\dimen275
\bmb@prevheight=\dimen276
\bmb@temp=\dimen277
\bmb@dima=\dimen278
\bmb@dimb=\dimen279
\bmb@prevheight=\dimen280
)
\beamer@blockheadheight=\dimen281
)) (/home/intel-nuc/.miktex/texmfs/install/tex/latex/beamer/beamerbaselocalstructure.sty (/home/intel-nuc/.miktex/texmfs/install/tex/latex/tools/enumerate.sty
Package: enumerate 2015/07/23 v3.00 enumerate extensions (DPC)
\@enLab=\toks34
)
\beamer@bibiconwidth=\skip56
\c@figure=\count319
\c@table=\count320
\abovecaptionskip=\skip57
\belowcaptionskip=\skip58
) (/home/intel-nuc/.miktex/texmfs/install/tex/latex/beamer/beamerbasenavigation.sty (/home/intel-nuc/.miktex/texmfs/install/tex/latex/beamer/beamerbasenavigationsymbols.tex)
\beamer@section@min@dim=\dimen282
) (/home/intel-nuc/.miktex/texmfs/install/tex/latex/beamer/beamerbasetheorems.sty (/home/intel-nuc/.miktex/texmfs/install/tex/latex/amsmath/amsmath.sty
Package: amsmath 2023/05/13 v2.17o AMS math features
\@mathmargin=\skip59

For additional information on amsmath, use the `?' option.
(/home/intel-nuc/.miktex/texmfs/install/tex/latex/amsmath/amstext.sty
Package: amstext 2021/08/26 v2.01 AMS text
 (/home/intel-nuc/.miktex/texmfs/install/tex/latex/amsmath/amsgen.sty
File: amsgen.sty 1999/11/30 v2.0 generic functions
\@emptytoks=\toks35
\ex@=\dimen283
)) (/home/intel-nuc/.miktex/texmfs/install/tex/latex/amsmath/amsbsy.sty
Package: amsbsy 1999/11/29 v1.2d Bold Symbols
\pmbraise@=\dimen284
) (/home/intel-nuc/.miktex/texmfs/install/tex/latex/amsmath/amsopn.sty
Package: amsopn 2022/04/08 v2.04 operator names
)
\inf@bad=\count321
LaTeX Info: Redefining \frac on input line 234.
\uproot@=\count322
\leftroot@=\count323
LaTeX Info: Redefining \overline on input line 399.
LaTeX Info: Redefining \colon on input line 410.
\classnum@=\count324
\DOTSCASE@=\count325
LaTeX Info: Redefining \ldots on input line 496.
LaTeX Info: Redefining \dots on input line 499.
LaTeX Info: Redefining \cdots on input line 620.
\Mathstrutbox@=\box74
\strutbox@=\box75
LaTeX Info: Redefining \big on input line 722.
LaTeX Info: Redefining \Big on input line 723.
LaTeX Info: Redefining \bigg on input line 724.
LaTeX Info: Redefining \Bigg on input line 725.
\big@size=\dimen285
LaTeX Font Info:    Redeclaring font encoding OML on input line 743.
LaTeX Font Info:    Redeclaring font encoding OMS on input line 744.
\macc@depth=\count326
LaTeX Info: Redefining \bmod on input line 905.
LaTeX Info: Redefining \pmod on input line 910.
LaTeX Info: Redefining \smash on input line 940.
LaTeX Info: Redefining \relbar on input line 970.
LaTeX Info: Redefining \Relbar on input line 971.
\c@MaxMatrixCols=\count327
\dotsspace@=\muskip17
\c@parentequation=\count328
\dspbrk@lvl=\count329
\tag@help=\toks36
\row@=\count330
\column@=\count331
\maxfields@=\count332
\andhelp@=\toks37
\eqnshift@=\dimen286
\alignsep@=\dimen287
\tagshift@=\dimen288
\tagwidth@=\dimen289
\totwidth@=\dimen290
\lineht@=\dimen291
\@envbody=\toks38
\multlinegap=\skip60
\multlinetaggap=\skip61
\mathdisplay@stack=\toks39
LaTeX Info: Redefining \[ on input line 2953.
LaTeX Info: Redefining \] on input line 2954.
) (/home/intel-nuc/.miktex/texmfs/install/tex/latex/amscls/amsthm.sty
Package: amsthm 2020/05/29 v2.20.6
\thm@style=\toks40
\thm@bodyfont=\toks41
\thm@headfont=\toks42
\thm@notefont=\toks43
\thm@headpunct=\toks44
\thm@preskip=\skip62
\thm@postskip=\skip63
\thm@headsep=\skip64
\dth@everypar=\toks45
)
\c@theorem=\count333
) (/home/intel-nuc/.miktex/texmfs/install/tex/latex/beamer/beamerbasethemes.sty)) (/home/intel-nuc/.miktex/texmfs/install/tex/latex/beamer/beamerthemedefault.sty (/home/intel-nuc/.miktex/texmfs/install/tex/latex/beamer/beamerfontthemedefault.sty) (/home/intel-nuc/.miktex/texmfs/install/tex/latex/beamer/beamercolorthemedefault.sty) (/home/intel-nuc/.miktex/texmfs/install/tex/latex/beamer/beamerinnerthemedefault.sty
\beamer@dima=\dimen292
\beamer@dimb=\dimen293
) (/home/intel-nuc/.miktex/texmfs/install/tex/latex/beamer/beamerouterthemedefault.sty))) (settings.tex (/home/intel-nuc/.miktex/texmfs/install/tex/latex/beamertheme-metropolis/beamerthememetropolis.sty
Package: beamerthememetropolis 2017/01/23 v1.2 Metropolis Beamer theme
 (/home/intel-nuc/.miktex/texmfs/install/tex/latex/pgfopts/pgfopts.sty
Package: pgfopts 2014/07/10 v2.1a LaTeX package options with pgfkeys
\pgfopts@list@add@a@toks=\toks46
\pgfopts@list@add@b@toks=\toks47
) (/home/intel-nuc/.miktex/texmfs/install/tex/latex/beamertheme-metropolis/beamerinnerthememetropolis.sty
Package: beamerinnerthememetropolis 2017/01/23 Metropolis inner theme
 (/home/intel-nuc/.miktex/texmfs/install/tex/latex/tools/calc.sty
Package: calc 2017/05/25 v4.3 Infix arithmetic (KKT,FJ)
\calc@Acount=\count334
\calc@Bcount=\count335
\calc@Adimen=\dimen294
\calc@Bdimen=\dimen295
\calc@Askip=\skip65
\calc@Bskip=\skip66
LaTeX Info: Redefining \setlength on input line 80.
LaTeX Info: Redefining \addtolength on input line 81.
\calc@Ccount=\count336
\calc@Cskip=\skip67
) (/home/intel-nuc/.miktex/texmfs/install/tex/latex/pgf/frontendlayer/tikz.sty (/home/intel-nuc/.miktex/texmfs/install/tex/latex/pgf/basiclayer/pgf.sty
Package: pgf 2023-01-15 v3.1.10 (3.1.10)
 (/home/intel-nuc/.miktex/texmfs/install/tex/generic/pgf/modules/pgfmoduleshapes.code.tex
File: pgfmoduleshapes.code.tex 2023-01-15 v3.1.10 (3.1.10)
\pgfnodeparttextbox=\box76
) (/home/intel-nuc/.miktex/texmfs/install/tex/generic/pgf/modules/pgfmoduleplot.code.tex
File: pgfmoduleplot.code.tex 2023-01-15 v3.1.10 (3.1.10)
) (/home/intel-nuc/.miktex/texmfs/install/tex/latex/pgf/compatibility/pgfcomp-version-0-65.sty
Package: pgfcomp-version-0-65 2023-01-15 v3.1.10 (3.1.10)
\pgf@nodesepstart=\dimen296
\pgf@nodesepend=\dimen297
) (/home/intel-nuc/.miktex/texmfs/install/tex/latex/pgf/compatibility/pgfcomp-version-1-18.sty
Package: pgfcomp-version-1-18 2023-01-15 v3.1.10 (3.1.10)
)) (/home/intel-nuc/.miktex/texmfs/install/tex/latex/pgf/utilities/pgffor.sty (/home/intel-nuc/.miktex/texmfs/install/tex/generic/pgf/utilities/pgffor.code.tex
Package: pgffor 2023-01-15 v3.1.10 (3.1.10)
\pgffor@iter=\dimen298
\pgffor@skip=\dimen299
\pgffor@stack=\toks48
\pgffor@toks=\toks49
)) (/home/intel-nuc/.miktex/texmfs/install/tex/generic/pgf/frontendlayer/tikz/tikz.code.tex
Package: tikz 2023-01-15 v3.1.10 (3.1.10)
 (/home/intel-nuc/.miktex/texmfs/install/tex/generic/pgf/libraries/pgflibraryplothandlers.code.tex
File: pgflibraryplothandlers.code.tex 2023-01-15 v3.1.10 (3.1.10)
\pgf@plot@mark@count=\count337
\pgfplotmarksize=\dimen300
)
\tikz@lastx=\dimen301
\tikz@lasty=\dimen302
\tikz@lastxsaved=\dimen303
\tikz@lastysaved=\dimen304
\tikz@lastmovetox=\dimen305
\tikz@lastmovetoy=\dimen306
\tikzleveldistance=\dimen307
\tikzsiblingdistance=\dimen308
\tikz@figbox=\box77
\tikz@figbox@bg=\box78
\tikz@tempbox=\box79
\tikz@tempbox@bg=\box80
\tikztreelevel=\count338
\tikznumberofchildren=\count339
\tikznumberofcurrentchild=\count340
\tikz@fig@count=\count341
 (/home/intel-nuc/.miktex/texmfs/install/tex/generic/pgf/modules/pgfmodulematrix.code.tex
File: pgfmodulematrix.code.tex 2023-01-15 v3.1.10 (3.1.10)
\pgfmatrixcurrentrow=\count342
\pgfmatrixcurrentcolumn=\count343
\pgf@matrix@numberofcolumns=\count344
)
\tikz@expandcount=\count345
 (/home/intel-nuc/.miktex/texmfs/install/tex/generic/pgf/frontendlayer/tikz/libraries/tikzlibrarytopaths.code.tex
File: tikzlibrarytopaths.code.tex 2023-01-15 v3.1.10 (3.1.10)
)))
\metropolis@titleseparator@linewidth=\skip68
\metropolis@progressonsectionpage=\skip69
\metropolis@progressonsectionpage@linewidth=\skip70
\metropolis@blocksep=\skip71
\metropolis@blockadjust=\skip72
\metropolis@parskip=\skip73
) (/home/intel-nuc/.miktex/texmfs/install/tex/latex/beamertheme-metropolis/beamerouterthememetropolis.sty
Package: beamerouterthememetropolis 2017/01/23 Metropolis outer theme
\metropolis@frametitle@padding=\skip74
\metropolis@progressinheadfoot=\skip75
\metropolis@progressinheadfoot@linewidth=\skip76
) (/home/intel-nuc/.miktex/texmfs/install/tex/latex/beamertheme-metropolis/beamercolorthememetropolis.sty
Package: beamercolorthememetropolis 2017/01/23 Metropolis color theme
) (/home/intel-nuc/.miktex/texmfs/install/tex/latex/beamertheme-metropolis/beamerfontthememetropolis.sty
Package: beamerfontthememetropolis 2017/01/23 Metropolis font theme
 (/home/intel-nuc/.miktex/texmfs/install/tex/generic/iftex/ifxetex.sty
Package: ifxetex 2019/10/25 v0.7 ifxetex legacy package. Use iftex instead.
) (/home/intel-nuc/.miktex/texmfs/install/tex/generic/iftex/ifluatex.sty
Package: ifluatex 2019/10/25 v1.5 ifluatex legacy package. Use iftex instead.
)

Package beamerthememetropolis Warning: You need to compile with XeLaTeX or LuaLaTeX to use the Fira fonts on input line 95.

)) (/home/intel-nuc/.miktex/texmfs/install/tex/latex/beamer/beamerouterthememiniframes.sty) (/home/intel-nuc/.miktex/texmfs/install/tex/latex/base/inputenc.sty
Package: inputenc 2021/02/14 v1.3d Input encoding file
\inpenc@prehook=\toks50
\inpenc@posthook=\toks51
) (/home/intel-nuc/.miktex/texmfs/install/tex/generic/babel/babel.sty
Package: babel 2023/05/11 v3.89 The Babel package
\babel@savecnt=\count346
\U@D=\dimen309
\l@unhyphenated=\language2
 (/home/intel-nuc/.miktex/texmfs/install/tex/generic/babel/txtbabel.def)
\bbl@readstream=\read3
LaTeX Info: Redefining \textlatin on input line 3921.
\bbl@dirlevel=\count347

*************************************
* Local config file bblopts.cfg used
*
(/home/intel-nuc/.miktex/texmfs/install/tex/latex/arabi/bblopts.cfg
File: bblopts.cfg 2005/09/08 v0.1 add Arabic and Farsi to "declared" options of babel
) (/home/intel-nuc/.miktex/texmfs/install/tex/latex/babel-english/english.ldf
Language: english 2017/06/06 v3.3r English support from the babel system
Package babel Info: Hyphen rules for 'british' set to \l@english
(babel)             (\language0). Reported on input line 82.
Package babel Info: Hyphen rules for 'UKenglish' set to \l@english
(babel)             (\language0). Reported on input line 83.
Package babel Info: Hyphen rules for 'canadian' set to \l@english
(babel)             (\language0). Reported on input line 102.
Package babel Info: Hyphen rules for 'australian' set to \l@english
(babel)             (\language0). Reported on input line 105.
Package babel Info: Hyphen rules for 'newzealand' set to \l@english
(babel)             (\language0). Reported on input line 108.
) (/home/intel-nuc/.miktex/texmfs/install/tex/latex/babel-portuges/brazil.ldf
Language: portuges 2021/07/09 v1.2t Portuguese support from the babel system


Package babel Warning: No hyphenation patterns were preloaded for
(babel)                the language 'Portuguese' into the format.
(babel)                Please, configure your TeX system to add them and
(babel)                rebuild the format. Now I will use the patterns
(babel)                preloaded for \language=0 instead on input line 53.

Package babel Info: Hyphen rules for 'portuges' set to \l@english
(babel)             (\language0). Reported on input line 54.
Package babel Info: Hyphen rules for 'brazil' set to \l@english
(babel)             (\language0). Reported on input line 111.
Package babel Info: Making " an active character on input line 143.
)) (/home/intel-nuc/.miktex/texmfs/install/tex/generic/babel/locale/en/babel-english.tex
Package babel Info: Importing font and identification data for english
(babel)             from babel-en.ini. Reported on input line 11.
) (/home/intel-nuc/.miktex/texmfs/install/tex/latex/base/fontenc.sty
Package: fontenc 2021/04/29 v2.0v Standard LaTeX package
) (/home/intel-nuc/.miktex/texmfs/install/tex/latex/psnfss/helvet.sty
Package: helvet 2020/03/25 PSNFSS-v9.3 (WaS) 
) (/home/intel-nuc/.miktex/texmfs/install/tex/latex/abntex2/abntex2cite.sty
Package: abntex2cite 2018/11/24 v-1.9.7 abnTeX2
 (/home/intel-nuc/.miktex/texmfs/install/tex/latex/base/ifthen.sty
Package: ifthen 2022/04/13 v1.1d Standard LaTeX ifthen package (DPC)
) (/home/intel-nuc/.miktex/texmfs/install/tex/latex/abntex2/abntex2abrev.sty) (/home/intel-nuc/.miktex/texmfs/install/tex/latex/setspace/setspace.sty
Package: setspace 2022/12/04 v6.7b set line spacing
)
\bibindent=\skip77
\minimumbiblabelwidth=\skip78
\ABCIauxlen=\skip79
\c@ABCIaux=\count348
\c@ABCImax=\count349
 (/home/intel-nuc/.miktex/texmfs/install/tex/generic/iftex/ifpdf.sty
Package: ifpdf 2019/10/25 v3.4 ifpdf legacy package. Use iftex instead.
) (/home/intel-nuc/.miktex/texmfs/install/tex/latex/relsize/relsize.sty
Package: relsize 2013/03/29 ver 4.1
)
\biblabelsep=\skip80
LaTeX Info: Redefining \newblock on input line 591.
LaTeX Info: Redefining \cite on input line 862.
\ABCItoken=\toks52
) (/home/intel-nuc/.miktex/texmfs/install/tex/latex/pgfplots/pgfplots.sty (/home/intel-nuc/.miktex/texmfs/install/tex/generic/pgfplots/pgfplots.revision.tex)
Package: pgfplots 2021/05/15 v1.18.1 Data Visualization (1.18.1)
 (/home/intel-nuc/.miktex/texmfs/install/tex/generic/pgfplots/pgfplots.code.tex (/home/intel-nuc/.miktex/texmfs/install/tex/generic/pgfplots/pgfplotscore.code.tex
\t@pgfplots@toka=\toks53
\t@pgfplots@tokb=\toks54
\t@pgfplots@tokc=\toks55
\pgfplots@tmpa=\dimen310
\c@pgfplots@coordindex=\count350
\c@pgfplots@scanlineindex=\count351
 (/home/intel-nuc/.miktex/texmfs/install/tex/generic/pgfplots/sys/pgfplotssysgeneric.code.tex)) (/home/intel-nuc/.miktex/texmfs/install/tex/generic/pgfplots/libs/pgfplotslibrary.code.tex) (/home/intel-nuc/.miktex/texmfs/install/tex/generic/pgfplots/oldpgfcompatib/pgfplotsoldpgfsupp_loader.code.tex (/home/intel-nuc/.miktex/texmfs/install/tex/generic/pgf/libraries/pgflibraryfpu.code.tex)
Package pgfplots: loading complementary utilities for your pgf version...
\t@pgf@toka=\toks56
\t@pgf@tokb=\toks57
\t@pgf@tokc=\toks58
(/home/intel-nuc/.miktex/texmfs/install/tex/generic/pgfplots/oldpgfcompatib/pgfplotsoldpgfsupp_pgfutil-common-lists.tex)) (/home/intel-nuc/.miktex/texmfs/install/tex/generic/pgfplots/util/pgfplotsutil.code.tex (/home/intel-nuc/.miktex/texmfs/install/tex/generic/pgfplots/liststructure/pgfplotsliststructure.code.tex) (/home/intel-nuc/.miktex/texmfs/install/tex/generic/pgfplots/liststructure/pgfplotsliststructureext.code.tex) (/home/intel-nuc/.miktex/texmfs/install/tex/generic/pgfplots/liststructure/pgfplotsarray.code.tex
\c@pgfplotsarray@tmp=\count352
) (/home/intel-nuc/.miktex/texmfs/install/tex/generic/pgfplots/liststructure/pgfplotsmatrix.code.tex) (/home/intel-nuc/.miktex/texmfs/install/tex/generic/pgfplots/numtable/pgfplotstableshared.code.tex
\c@pgfplotstable@counta=\count353
\t@pgfplotstable@a=\toks59
) (/home/intel-nuc/.miktex/texmfs/install/tex/generic/pgfplots/liststructure/pgfplotsdeque.code.tex) (/home/intel-nuc/.miktex/texmfs/install/tex/generic/pgfplots/util/pgfplotsbinary.code.tex (/home/intel-nuc/.miktex/texmfs/install/tex/generic/pgfplots/util/pgfplotsbinary.data.code.tex)) (/home/intel-nuc/.miktex/texmfs/install/tex/generic/pgfplots/util/pgfplotsutil.verb.code.tex) (/home/intel-nuc/.miktex/texmfs/install/tex/generic/pgfplots/libs/pgflibrarypgfplots.surfshading.code.tex
\c@pgfplotslibrarysurf@no=\count354
 (/home/intel-nuc/.miktex/texmfs/install/tex/generic/pgfplots/sys/pgflibrarypgfplots.surfshading.pgfsys-pdftex.def))) (/home/intel-nuc/.miktex/texmfs/install/tex/generic/pgfplots/util/pgfplotscolormap.code.tex (/home/intel-nuc/.miktex/texmfs/install/tex/generic/pgfplots/util/pgfplotscolor.code.tex)) (/home/intel-nuc/.miktex/texmfs/install/tex/generic/pgfplots/pgfplotsstackedplots.code.tex) (/home/intel-nuc/.miktex/texmfs/install/tex/generic/pgfplots/pgfplotsplothandlers.code.tex (/home/intel-nuc/.miktex/texmfs/install/tex/generic/pgfplots/pgfplotsmeshplothandler.code.tex (/home/intel-nuc/.miktex/texmfs/install/tex/generic/pgfplots/pgfplotsmeshplotimage.code.tex))) (/home/intel-nuc/.miktex/texmfs/install/tex/generic/pgfplots/pgfplots.scaling.code.tex) (/home/intel-nuc/.miktex/texmfs/install/tex/generic/pgfplots/pgfplotscoordprocessing.code.tex) (/home/intel-nuc/.miktex/texmfs/install/tex/generic/pgfplots/pgfplots.errorbars.code.tex) (/home/intel-nuc/.miktex/texmfs/install/tex/generic/pgfplots/pgfplots.markers.code.tex) (/home/intel-nuc/.miktex/texmfs/install/tex/generic/pgfplots/pgfplotsticks.code.tex) (/home/intel-nuc/.miktex/texmfs/install/tex/generic/pgfplots/pgfplots.paths.code.tex) (/home/intel-nuc/.miktex/texmfs/install/tex/generic/pgf/frontendlayer/tikz/libraries/tikzlibrarydecorations.code.tex (/home/intel-nuc/.miktex/texmfs/install/tex/generic/pgf/modules/pgfmoduledecorations.code.tex
\pgfdecoratedcompleteddistance=\dimen311
\pgfdecoratedremainingdistance=\dimen312
\pgfdecoratedinputsegmentcompleteddistance=\dimen313
\pgfdecoratedinputsegmentremainingdistance=\dimen314
\pgf@decorate@distancetomove=\dimen315
\pgf@decorate@repeatstate=\count355
\pgfdecorationsegmentamplitude=\dimen316
\pgfdecorationsegmentlength=\dimen317
)
\tikz@lib@dec@box=\box81
) (/home/intel-nuc/.miktex/texmfs/install/tex/generic/pgf/frontendlayer/tikz/libraries/tikzlibrarydecorations.pathmorphing.code.tex (/home/intel-nuc/.miktex/texmfs/install/tex/generic/pgf/libraries/decorations/pgflibrarydecorations.pathmorphing.code.tex)) (/home/intel-nuc/.miktex/texmfs/install/tex/generic/pgf/frontendlayer/tikz/libraries/tikzlibrarydecorations.pathreplacing.code.tex (/home/intel-nuc/.miktex/texmfs/install/tex/generic/pgf/libraries/decorations/pgflibrarydecorations.pathreplacing.code.tex)) (/home/intel-nuc/.miktex/texmfs/install/tex/generic/pgfplots/libs/tikzlibrarypgfplots.contourlua.code.tex)
\pgfplots@numplots=\count356
\pgfplots@xmin@reg=\dimen318
\pgfplots@xmax@reg=\dimen319
\pgfplots@ymin@reg=\dimen320
\pgfplots@ymax@reg=\dimen321
\pgfplots@zmin@reg=\dimen322
\pgfplots@zmax@reg=\dimen323
) (/home/intel-nuc/.miktex/texmfs/install/tex/generic/pgf/frontendlayer/tikz/libraries/tikzlibraryplotmarks.code.tex
File: tikzlibraryplotmarks.code.tex 2023-01-15 v3.1.10 (3.1.10)
 (/home/intel-nuc/.miktex/texmfs/install/tex/generic/pgf/libraries/pgflibraryplotmarks.code.tex
File: pgflibraryplotmarks.code.tex 2023-01-15 v3.1.10 (3.1.10)
))) (/home/intel-nuc/.miktex/texmfs/install/tex/latex/pdflscape/pdflscape.sty
Package: pdflscape 2022-10-27 v0.13 Display of landscape pages in PDF
 (/home/intel-nuc/.miktex/texmfs/install/tex/latex/pdflscape/pdflscape-nometadata.sty
Package: pdflscape-nometadata 2022-10-28 v0.13 Display of landscape pages in PDF (HO)
 (/home/intel-nuc/.miktex/texmfs/install/tex/latex/graphics/lscape.sty
Package: lscape 2020/05/28 v3.02 Landscape Pages (DPC)
)
Package pdflscape Info: Auto-detected driver: pdftex on input line 81.
)) (/home/intel-nuc/.miktex/texmfs/install/tex/latex/tools/afterpage.sty
Package: afterpage 2014/10/28 v1.08 After-Page Package (DPC)
\AP@output=\toks60
\AP@partial=\box82
\AP@footins=\box83
) (/home/intel-nuc/.miktex/texmfs/install/tex/latex/capt-of/capt-of.sty
Package: capt-of 2009/12/29 v0.2 standard captions outside of floats
) (/home/intel-nuc/.miktex/texmfs/install/tex/latex/booktabs/booktabs.sty
Package: booktabs 2020/01/12 v1.61803398 Publication quality tables
\heavyrulewidth=\dimen324
\lightrulewidth=\dimen325
\cmidrulewidth=\dimen326
\belowrulesep=\dimen327
\belowbottomsep=\dimen328
\aboverulesep=\dimen329
\abovetopsep=\dimen330
\cmidrulesep=\dimen331
\cmidrulekern=\dimen332
\defaultaddspace=\dimen333
\@cmidla=\count357
\@cmidlb=\count358
\@aboverulesep=\dimen334
\@belowrulesep=\dimen335
\@thisruleclass=\count359
\@lastruleclass=\count360
\@thisrulewidth=\dimen336
) (/home/intel-nuc/.miktex/texmfs/install/tex/latex/tools/array.sty
Package: array 2022/09/04 v2.5g Tabular extension package (FMi)
\col@sep=\dimen337
\ar@mcellbox=\box84
\extrarowheight=\dimen338
\NC@list=\toks61
\extratabsurround=\skip81
\backup@length=\skip82
\ar@cellbox=\box85
) (/home/intel-nuc/.miktex/texmfs/install/tex/latex/multirow/multirow.sty
Package: multirow 2021/03/15 v2.8 Span multiple rows of a table
\multirow@colwidth=\skip83
\multirow@cntb=\count361
\multirow@dima=\skip84
\bigstrutjot=\dimen339
) (/home/intel-nuc/.miktex/texmfs/install/tex/latex/tools/longtable.sty
Package: longtable 2021-09-01 v4.17 Multi-page Table package (DPC)
\LTleft=\skip85
\LTright=\skip86
\LTpre=\skip87
\LTpost=\skip88
\LTchunksize=\count362
\LTcapwidth=\dimen340
\LT@head=\box86
\LT@firsthead=\box87
\LT@foot=\box88
\LT@lastfoot=\box89
\LT@gbox=\box90
\LT@cols=\count363
\LT@rows=\count364
\c@LT@tables=\count365
\c@LT@chunks=\count366
\LT@p@ftn=\toks62
) (/home/intel-nuc/.miktex/texmfs/install/tex/latex/siunitx/siunitx.sty
Package: siunitx 2023-06-12 v3.2.6 A comprehensive (SI) units package
\l__siunitx_angle_tmp_dim=\dimen341
\l__siunitx_angle_marker_box=\box91
\l__siunitx_angle_unit_box=\box92
\l__siunitx_compound_count_int=\count367
 (/home/intel-nuc/.miktex/texmfs/install/tex/latex/translations/translations.sty
Package: translations 2022/02/05 v1.12 internationalization of LaTeX2e packages (CN)
)
\l__siunitx_number_exponent_fixed_int=\count368
\l__siunitx_number_min_decimal_int=\count369
\l__siunitx_number_min_integer_int=\count370
\l__siunitx_number_round_precision_int=\count371
\l__siunitx_number_lower_threshold_int=\count372
\l__siunitx_number_upper_threshold_int=\count373
\l__siunitx_number_group_first_int=\count374
\l__siunitx_number_group_size_int=\count375
\l__siunitx_number_group_minimum_int=\count376
\l__siunitx_table_tmp_box=\box93
\l__siunitx_table_tmp_dim=\dimen342
\l__siunitx_table_column_width_dim=\dimen343
\l__siunitx_table_integer_box=\box94
\l__siunitx_table_decimal_box=\box95
\l__siunitx_table_uncert_box=\box96
\l__siunitx_table_before_box=\box97
\l__siunitx_table_after_box=\box98
\l__siunitx_table_before_dim=\dimen344
\l__siunitx_table_carry_dim=\dimen345
\l__siunitx_unit_tmp_int=\count377
\l__siunitx_unit_position_int=\count378
\l__siunitx_unit_total_int=\count379
) (/home/intel-nuc/.miktex/texmfs/install/tex/latex/caption/caption.sty
Package: caption 2023/03/12 v3.6j Customizing captions (AR)
 (/home/intel-nuc/.miktex/texmfs/install/tex/latex/caption/caption3.sty
Package: caption3 2023/03/12 v2.4 caption3 kernel (AR)
\caption@tempdima=\dimen346
\captionmargin=\dimen347
\caption@leftmargin=\dimen348
\caption@rightmargin=\dimen349
\caption@width=\dimen350
\caption@indent=\dimen351
\caption@parindent=\dimen352
\caption@hangindent=\dimen353
Package caption Info: beamer document class detected.
 (/home/intel-nuc/.miktex/texmfs/install/tex/latex/caption/caption-beamer.sto
File: caption-beamer.sto 2022/01/06 v2.0c Adaption of the caption package to the beamer document classes (AR)
))
\c@caption@flags=\count380
\c@continuedfloat=\count381
Package caption Info: hyperref package is loaded.
Package caption Info: Hyperref support is turned off
(caption)             because hyperref has stopped early.
Package caption Info: longtable package is loaded.
 (/home/intel-nuc/.miktex/texmfs/install/tex/latex/caption/ltcaption.sty
Package: ltcaption 2021/01/08 v1.4c longtable captions (AR)
)) (/home/intel-nuc/.miktex/texmfs/install/tex/latex/float/float.sty
Package: float 2001/11/08 v1.3d Float enhancements (AL)
\c@float@type=\count382
\float@exts=\toks63
\float@box=\box99
\@float@everytoks=\toks64
\@floatcapt=\box100
) (/home/intel-nuc/.miktex/texmfs/install/tex/latex/caption/subcaption.sty
Package: subcaption 2023/02/19 v1.6 Sub-captions (AR)
Package caption Info: New subtype `subfigure' on input line 239.
\c@subfigure=\count383
Package caption Info: New subtype `subtable' on input line 239.
\c@subtable=\count384
) (/home/intel-nuc/.miktex/texmfs/install/tex/latex/appendixnumberbeamer/appendixnumberbeamer.sty) (/home/intel-nuc/.miktex/texmfs/install/tex/latex/algorithms/algorithm.sty
Package: algorithm 2009/08/24 v0.1 Document Style `algorithm' - floating environment
\@float@every@algorithm=\toks65
\c@algorithm=\count385
) (/home/intel-nuc/.miktex/texmfs/install/tex/latex/algorithmicx/algcompatible.sty
Package: algcompatible 
 (/home/intel-nuc/.miktex/texmfs/install/tex/latex/algorithmicx/algorithmicx.sty
Package: algorithmicx 2005/04/27 v1.2 Algorithmicx

Document Style algorithmicx 1.2 - a greatly improved `algorithmic' style
\c@ALG@line=\count386
\c@ALG@rem=\count387
\c@ALG@nested=\count388
\ALG@tlm=\skip89
\ALG@thistlm=\skip90
\c@ALG@Lnr=\count389
\c@ALG@blocknr=\count390
\c@ALG@storecount=\count391
\c@ALG@tmpcounter=\count392
\ALG@tmplength=\skip91
)
Document Style - algorithmic compatible environments for the `algorithmicx' style
)
Package caption Info: Option `declare type' requires the `newfloat' package on input line 88.
 (/home/intel-nuc/.miktex/texmfs/install/tex/latex/newfloat/newfloat.sty
Package: newfloat 2019/09/02 v1.1l Defining new floating environments (AR)
Package newfloat Info: Unsupported document class, or \@chapter 
(newfloat)             was already redefined by another package.
Package newfloat Info: \@chapter = macro:[#1]#2->\NR@gettitle {#1}\NR@chapter [{#1}]{#2}.
Package newfloat Info: \Hy@org@chapter = undefined.
)
Package newfloat Info: New float `quadro' with options `fileext=loc' on input line 88.
\c@quadro=\count393
Package newfloat Info: float type `quadro'=8 on input line 88.
Package caption Info: New subtype `subquadro' on input line 88.
\c@subquadro=\count394
)

Package hyperref Warning: Token not allowed in a PDF string (Unicode):
(hyperref)                removing `\<let>-command' on input line 29.


Package hyperref Warning: Token not allowed in a PDF string (Unicode):
(hyperref)                removing `\\' on input line 29.


Package hyperref Warning: Token not allowed in a PDF string (Unicode):
(hyperref)                removing `\@centercr' on input line 29.


Package hyperref Warning: Token not allowed in a PDF string (Unicode):
(hyperref)                removing `\rightskip' on input line 29.


Package hyperref Warning: Token not allowed in a PDF string (Unicode):
(hyperref)                removing `\@flushglue' on input line 29.


Package hyperref Warning: Token not allowed in a PDF string (Unicode):
(hyperref)                removing `\leftskip' on input line 29.


Package hyperref Warning: Token not allowed in a PDF string (Unicode):
(hyperref)                removing `\@flushglue' on input line 29.


Package hyperref Warning: Token not allowed in a PDF string (Unicode):
(hyperref)                removing `\finalhyphendemerits' on input line 29.


Package hyperref Warning: Token not allowed in a PDF string (Unicode):
(hyperref)                removing `\z@' on input line 29.


Package hyperref Warning: Token not allowed in a PDF string (Unicode):
(hyperref)                removing `\parindent' on input line 29.


Package hyperref Warning: Token not allowed in a PDF string (Unicode):
(hyperref)                removing `\z@' on input line 29.


Package hyperref Warning: Token not allowed in a PDF string (Unicode):
(hyperref)                removing `\parfillskip' on input line 29.


Package hyperref Warning: Token not allowed in a PDF string (Unicode):
(hyperref)                removing `\z@skip' on input line 29.

(/home/intel-nuc/.miktex/texmfs/install/tex/latex/beamertheme-metropolis/pgfplotsthemetol.sty
Package: pgfplotsthemetol 2017/01/23 PGFplots colors based on Paul Tol's SRON technical note
)
LaTeX Font Info:    Trying to load font information for T1+phv on input line 47.
 (/home/intel-nuc/.miktex/texmfs/install/tex/latex/psnfss/t1phv.fd
File: t1phv.fd 2020/03/25 scalable font definitions for T1/phv.
) (/home/intel-nuc/.miktex/texmfs/install/tex/latex/l3backend/l3backend-pdftex.def
File: l3backend-pdftex.def 2023-04-19 L3 backend support: PDF output (pdfTeX)
\l__color_backend_stack_int=\count395
\l__pdf_internal_box=\box101
) (apresentacao.aux)
\openout1 = `apresentacao.aux'.

LaTeX Font Info:    Checking defaults for OML/cmm/m/it on input line 47.
LaTeX Font Info:    ... okay on input line 47.
LaTeX Font Info:    Checking defaults for OMS/cmsy/m/n on input line 47.
LaTeX Font Info:    ... okay on input line 47.
LaTeX Font Info:    Checking defaults for OT1/cmr/m/n on input line 47.
LaTeX Font Info:    ... okay on input line 47.
LaTeX Font Info:    Checking defaults for T1/cmr/m/n on input line 47.
LaTeX Font Info:    ... okay on input line 47.
LaTeX Font Info:    Checking defaults for TS1/cmr/m/n on input line 47.
LaTeX Font Info:    ... okay on input line 47.
LaTeX Font Info:    Checking defaults for OMX/cmex/m/n on input line 47.
LaTeX Font Info:    ... okay on input line 47.
LaTeX Font Info:    Checking defaults for U/cmr/m/n on input line 47.
LaTeX Font Info:    ... okay on input line 47.
LaTeX Font Info:    Checking defaults for PD1/pdf/m/n on input line 47.
LaTeX Font Info:    ... okay on input line 47.
LaTeX Font Info:    Checking defaults for PU/pdf/m/n on input line 47.
LaTeX Font Info:    ... okay on input line 47.

*geometry* driver: auto-detecting
*geometry* detected driver: pdftex
*geometry* verbose mode - [ preamble ] result:
* driver: pdftex
* paper: custom
* layout: <same size as paper>
* layoutoffset:(h,v)=(0.0pt,0.0pt)
* modes: includehead includefoot 
* h-part:(L,W,R)=(28.45274pt, 398.3386pt, 28.45274pt)
* v-part:(T,H,B)=(0.0pt, 256.0748pt, 0.0pt)
* \paperwidth=455.24408pt
* \paperheight=256.0748pt
* \textwidth=398.3386pt
* \textheight=227.62207pt
* \oddsidemargin=-43.81725pt
* \evensidemargin=-43.81725pt
* \topmargin=-72.26999pt
* \headheight=14.22636pt
* \headsep=0.0pt
* \topskip=9.0pt
* \footskip=14.22636pt
* \marginparwidth=4.0pt
* \marginparsep=10.0pt
* \columnsep=10.0pt
* \skip\footins=8.0pt plus 4.0pt minus 2.0pt
* \hoffset=0.0pt
* \voffset=0.0pt
* \mag=1000
* \@twocolumnfalse
* \@twosidefalse
* \@mparswitchfalse
* \@reversemarginfalse
* (1in=72.27pt=25.4mm, 1cm=28.453pt)

(/home/intel-nuc/.miktex/texmfs/install/tex/context/base/mkii/supp-pdf.mkii
[Loading MPS to PDF converter (version 2006.09.02).]
\scratchcounter=\count396
\scratchdimen=\dimen354
\scratchbox=\box102
\nofMPsegments=\count397
\nofMParguments=\count398
\everyMPshowfont=\toks66
\MPscratchCnt=\count399
\MPscratchDim=\dimen355
\MPnumerator=\count400
\makeMPintoPDFobject=\count401
\everyMPtoPDFconversion=\toks67
) (/home/intel-nuc/.miktex/texmfs/install/tex/latex/epstopdf-pkg/epstopdf-base.sty
Package: epstopdf-base 2020-01-24 v2.11 Base part for package epstopdf
Package epstopdf-base Info: Redefining graphics rule for `.eps' on input line 485.
 (/home/intel-nuc/.miktex/texmfs/install/tex/latex/00miktex/epstopdf-sys.cfg
File: epstopdf-sys.cfg 2021/03/18 v2.0 Configuration of epstopdf for MiKTeX
))
Package hyperref Info: Link coloring OFF on input line 47.
 (apresentacao.out) (apresentacao.out)
\@outlinefile=\write5
\openout5 = `apresentacao.out'.

LaTeX Font Info:    Overwriting symbol font `operators' in version `normal'
(Font)                  OT1/cmr/m/n --> OT1/cmss/m/n on input line 47.
LaTeX Font Info:    Overwriting symbol font `operators' in version `bold'
(Font)                  OT1/cmr/bx/n --> OT1/cmss/b/n on input line 47.
\symnumbers=\mathgroup6
\sympureletters=\mathgroup7
LaTeX Font Info:    Overwriting math alphabet `\mathrm' in version `normal'
(Font)                  OT1/cmss/m/n --> T1/cmr/m/n on input line 47.
LaTeX Font Info:    Redeclaring math alphabet \mathbf on input line 47.
LaTeX Font Info:    Overwriting math alphabet `\mathbf' in version `normal'
(Font)                  OT1/cmr/bx/n --> T1/phv/b/n on input line 47.
LaTeX Font Info:    Overwriting math alphabet `\mathbf' in version `bold'
(Font)                  OT1/cmr/bx/n --> T1/phv/b/n on input line 47.
LaTeX Font Info:    Redeclaring math alphabet \mathsf on input line 47.
LaTeX Font Info:    Overwriting math alphabet `\mathsf' in version `normal'
(Font)                  OT1/cmss/m/n --> T1/phv/m/n on input line 47.
LaTeX Font Info:    Overwriting math alphabet `\mathsf' in version `bold'
(Font)                  OT1/cmss/bx/n --> T1/phv/m/n on input line 47.
LaTeX Font Info:    Redeclaring math alphabet \mathit on input line 47.
LaTeX Font Info:    Overwriting math alphabet `\mathit' in version `normal'
(Font)                  OT1/cmr/m/it --> T1/phv/m/it on input line 47.
LaTeX Font Info:    Overwriting math alphabet `\mathit' in version `bold'
(Font)                  OT1/cmr/bx/it --> T1/phv/m/it on input line 47.
LaTeX Font Info:    Redeclaring math alphabet \mathtt on input line 47.
LaTeX Font Info:    Overwriting math alphabet `\mathtt' in version `normal'
(Font)                  OT1/cmtt/m/n --> T1/cmtt/m/n on input line 47.
LaTeX Font Info:    Overwriting math alphabet `\mathtt' in version `bold'
(Font)                  OT1/cmtt/m/n --> T1/cmtt/m/n on input line 47.
LaTeX Font Info:    Overwriting symbol font `numbers' in version `bold'
(Font)                  T1/phv/m/n --> T1/phv/b/n on input line 47.
LaTeX Font Info:    Overwriting symbol font `pureletters' in version `bold'
(Font)                  T1/phv/m/it --> T1/phv/b/it on input line 47.
LaTeX Font Info:    Overwriting math alphabet `\mathrm' in version `bold'
(Font)                  OT1/cmss/b/n --> T1/cmr/b/n on input line 47.
LaTeX Font Info:    Overwriting math alphabet `\mathbf' in version `bold'
(Font)                  T1/phv/b/n --> T1/phv/b/n on input line 47.
LaTeX Font Info:    Overwriting math alphabet `\mathsf' in version `bold'
(Font)                  T1/phv/m/n --> T1/phv/b/n on input line 47.
LaTeX Font Info:    Overwriting math alphabet `\mathit' in version `bold'
(Font)                  T1/phv/m/it --> T1/phv/b/it on input line 47.
LaTeX Font Info:    Overwriting math alphabet `\mathtt' in version `bold'
(Font)                  T1/cmtt/m/n --> T1/cmtt/b/n on input line 47.
 (/home/intel-nuc/.miktex/texmfs/install/tex/latex/translator/translator-basic-dictionary-English.dict
Dictionary: translator-basic-dictionary, Language: English 
) (/home/intel-nuc/.miktex/texmfs/install/tex/latex/translator/translator-bibliography-dictionary-English.dict
Dictionary: translator-bibliography-dictionary, Language: English 
) (/home/intel-nuc/.miktex/texmfs/install/tex/latex/translator/translator-environment-dictionary-English.dict
Dictionary: translator-environment-dictionary, Language: English 
) (/home/intel-nuc/.miktex/texmfs/install/tex/latex/translator/translator-months-dictionary-English.dict
Dictionary: translator-months-dictionary, Language: English 
) (/home/intel-nuc/.miktex/texmfs/install/tex/latex/translator/translator-numbers-dictionary-English.dict
Dictionary: translator-numbers-dictionary, Language: English 
) (/home/intel-nuc/.miktex/texmfs/install/tex/latex/translator/translator-theorem-dictionary-English.dict
Dictionary: translator-theorem-dictionary, Language: English 
)
Package pgfplots notification 'compat/show suggested version=true': you might benefit from \pgfplotsset{compat=1.18} (current compat level: 1.9).

(/home/intel-nuc/.miktex/texmfs/install/tex/latex/translations/dicts/translations-basic-dictionary-brazil.trsl
File: translations-basic-dictionary-brazil.trsl (brazil translation file `translations-basic-dictionary')
)
Package translations Info: loading dictionary `translations-basic-dictionary' for `brazil'. on input line 47.
 (/home/intel-nuc/.miktex/texmfs/install/tex/latex/translations/dicts/translations-basic-dictionary-english.trsl
File: translations-basic-dictionary-english.trsl (english translation file `translations-basic-dictionary')
)
Package translations Info: loading dictionary `translations-basic-dictionary' for `english'. on input line 47.
Package caption Info: Begin \AtBeginDocument code.
Package caption Info: float package is loaded.
Package caption Info: End \AtBeginDocument code.
Package newfloat Info: Trying Plan B...
Package newfloat Info: `float' package detected.
 (apresentacao.nav)
<images/logo-unifei-oficial.png, id=118, 39.83386pt x 39.83386pt>
File: images/logo-unifei-oficial.png Graphic file (type png)
<use images/logo-unifei-oficial.png>
Package pdftex.def Info: images/logo-unifei-oficial.png  used on input line 56.
(pdftex.def)             Requested size: 56.9055pt x 56.90785pt.

Overfull \vbox (18.0pt too high) detected at line 56
 []


Underfull \hbox (badness 10000) in paragraph at lines 56--56

 []


Overfull \vbox (12.59242pt too high) detected at line 56
 []

[1

{/home/intel-nuc/.miktex/texmfs/data/fonts/map/pdftex/pdftex.map} <./images/logo-unifei-oficial.png>] (0_resumo.tex
LaTeX Font Info:    Trying to load font information for TS1+phv on input line 14.
 (/home/intel-nuc/.miktex/texmfs/install/tex/latex/psnfss/ts1phv.fd
File: ts1phv.fd 2020/03/25 scalable font definitions for TS1/phv.
)
LaTeX Font Info:    Font shape `T1/phv/m/it' in size <9> not available
(Font)              Font shape `T1/phv/m/sl' tried instead on input line 14.
 [2

]) (apresentacao.toc) [3

] (1_introduo.tex
LaTeX Font Info:    Trying to load font information for U+msa on input line 34.
 (/home/intel-nuc/.miktex/texmfs/install/tex/latex/amsfonts/umsa.fd
File: umsa.fd 2013/01/14 v3.01 AMS symbols A
)
LaTeX Font Info:    Trying to load font information for U+msb on input line 34.
 (/home/intel-nuc/.miktex/texmfs/install/tex/latex/amsfonts/umsb.fd
File: umsb.fd 2013/01/14 v3.01 AMS symbols B
)
LaTeX Font Info:    Font shape `T1/phv/m/it' in size <10.95> not available
(Font)              Font shape `T1/phv/m/sl' tried instead on input line 34.
LaTeX Font Info:    Font shape `T1/phv/m/it' in size <8> not available
(Font)              Font shape `T1/phv/m/sl' tried instead on input line 34.
LaTeX Font Info:    Font shape `T1/phv/m/it' in size <6> not available
(Font)              Font shape `T1/phv/m/sl' tried instead on input line 34.
<images/fronteira_eficiente.png, id=398, 343.2825pt x 280.79906pt>
File: images/fronteira_eficiente.png Graphic file (type png)
<use images/fronteira_eficiente.png>
Package pdftex.def Info: images/fronteira_eficiente.png  used on input line 34.
(pdftex.def)             Requested size: 119.50279pt x 97.74985pt.
 [4

 <./images/fronteira_eficiente.png>]
LaTeX Font Info:    Font shape `T1/phv/m/it' in size <12> not available
(Font)              Font shape `T1/phv/m/sl' tried instead on input line 91.
 [5

] [6

] [7

]) (2_fundamentacao_teorica.tex
Underfull \hbox (badness 10000) in paragraph at lines 57--57
[]|[]\T1/phv/m/n/10.95 Almahdi e
 []


Underfull \hbox (badness 10000) in paragraph at lines 57--57
[]|[]\T1/phv/m/n/10.95 Kolm, Ttnc e
 []


Underfull \hbox (badness 3590) in paragraph at lines 57--57
[]|[]\T1/phv/m/n/10.95 DeMiguel, Gar-lappi e
 []


Underfull \hbox (badness 10000) in paragraph at lines 57--57
[]|[]\T1/phv/m/n/10.95 Fischer e
 []


Underfull \hbox (badness 10000) in paragraph at lines 57--57
[]|[]\T1/phv/m/n/10.95 Heaton, Pol-son e
 []

<./images/cocitation_network.png, id=792, 711.4078pt x 511.9125pt>
File: ./images/cocitation_network.png Graphic file (type png)
<use ./images/cocitation_network.png>
Package pdftex.def Info: ./images/cocitation_network.png  used on input line 57.
(pdftex.def)             Requested size: 195.18506pt x 140.45221pt.

Overfull \hbox (2.84286pt too wide) detected at line 57
[][][] $[]$[][][][][][][][] $[]$[][][][][][] 
 []

[8

 <./images/cocitation_network.png>] [9

]
<images/minimo_risco.png, id=995, 371.88937pt x 267.24844pt>
File: images/minimo_risco.png Graphic file (type png)
<use images/minimo_risco.png>
Package pdftex.def Info: images/minimo_risco.png  used on input line 159.
(pdftex.def)             Requested size: 119.50279pt x 85.87602pt.
 [10

 <./images/minimo_risco.png>]
LaTeX Font Info:    Font shape `T1/phv/m/it' in size <5> not available
(Font)              Font shape `T1/phv/m/sl' tried instead on input line 201.
<images/aversao.png, id=1091, 353.06906pt x 297.36093pt>
File: images/aversao.png Graphic file (type png)
<use images/aversao.png>
Package pdftex.def Info: images/aversao.png  used on input line 201.
(pdftex.def)             Requested size: 119.50279pt x 100.64763pt.
 [11

 <./images/aversao.png>]
<images/carteira_de_mercado.png, id=1187, 343.2825pt x 280.79906pt>
File: images/carteira_de_mercado.png Graphic file (type png)
<use images/carteira_de_mercado.png>
Package pdftex.def Info: images/carteira_de_mercado.png  used on input line 243.
(pdftex.def)             Requested size: 119.50279pt x 97.74985pt.
 [12

 <./images/carteira_de_mercado.png>] [13

]
<images/lstm.png, id=1373, 942.52126pt x 265.74281pt>
File: images/lstm.png Graphic file (type png)
<use images/lstm.png>
Package pdftex.def Info: images/lstm.png  used on input line 288.
(pdftex.def)             Requested size: 378.42044pt x 106.69667pt.
 [14

 <./images/lstm.png>]
<images/attention.png, id=1470, 194.22563pt x 268.75406pt>
File: images/attention.png Graphic file (type png)
<use images/attention.png>
Package pdftex.def Info: images/attention.png  used on input line 329.
(pdftex.def)             Requested size: 99.58464pt x 137.8009pt.
 [15

 <./images/attention.png>]) (3_metodologia.tex [16

]
Overfull \vbox (8.39273pt too high) detected at line 55
 []

[17

]
<images/fluxo_tratamento.png, id=1748, 1372.37718pt x 432.11438pt>
File: images/fluxo_tratamento.png Graphic file (type png)
<use images/fluxo_tratamento.png>
Package pdftex.def Info: images/fluxo_tratamento.png  used on input line 72.
(pdftex.def)             Requested size: 398.3386pt x 125.42204pt.
 [18

 <./images/fluxo_tratamento.png>] [19

] [20

] [21

] [22

] [23

] [24

]
<./images/RNN_SelfAtt.png, id=2399, 473.89546pt x 696.72797pt>
File: ./images/RNN_SelfAtt.png Graphic file (type png)
<use ./images/RNN_SelfAtt.png>
Package pdftex.def Info: ./images/RNN_SelfAtt.png  used on input line 333.
(pdftex.def)             Requested size: 109.54372pt x 161.05203pt.
<./images/lstm_selfatt.png, id=2401, 848.16875pt x 851.18pt>
File: ./images/lstm_selfatt.png Graphic file (type png)
<use ./images/lstm_selfatt.png>
Package pdftex.def Info: ./images/lstm_selfatt.png  used on input line 333.
(pdftex.def)             Requested size: 129.45882pt x 129.9184pt.

Overfull \vbox (7.51123pt too high) detected at line 333
 []

[25

 <./images/RNN_SelfAtt.png> <./images/lstm_selfatt.png>]
<./images/RNN_AddAtt.png, id=2496, 644.0311pt x 632.7389pt>
File: ./images/RNN_AddAtt.png Graphic file (type png)
<use ./images/RNN_AddAtt.png>
Package pdftex.def Info: ./images/RNN_AddAtt.png  used on input line 371.
(pdftex.def)             Requested size: 159.33604pt x 156.54301pt.
<./images/model_lstm_BauhAtt.png, id=2498, 815.045pt x 1073.00874pt>
File: ./images/model_lstm_BauhAtt.png Graphic file (type png)
<use ./images/model_lstm_BauhAtt.png>
Package pdftex.def Info: ./images/model_lstm_BauhAtt.png  used on input line 371.
(pdftex.def)             Requested size: 119.50279pt x 157.32597pt.

Overfull \vbox (3.70113pt too high) detected at line 371
 []

[26

 <./images/RNN_AddAtt.png> <./images/model_lstm_BauhAtt.png>]
<./images/cross_validation.png, id=2591, 1047.16219pt x 563.48016pt>
File: ./images/cross_validation.png Graphic file (type png)
<use ./images/cross_validation.png>
Package pdftex.def Info: ./images/cross_validation.png  used on input line 419.
(pdftex.def)             Requested size: 159.33604pt x 85.73929pt.
 [27

 <./images/cross_validation.png>] [28

]) (4_resultados.tex
<./images/otimizacao_ibov.png, id=2775, 557.2017pt x 298.4751pt>
File: ./images/otimizacao_ibov.png Graphic file (type png)
<use ./images/otimizacao_ibov.png>
Package pdftex.def Info: ./images/otimizacao_ibov.png  used on input line 18.
(pdftex.def)             Requested size: 199.1693pt x 106.69037pt.
 [29

 <./images/otimizacao_ibov.png>]
Overfull \vbox (3.68448pt too high) detected at line 58
 []

[30

] [31

]
<./images/distribuicao_carteiras.png, id=3052, 1120.185pt x 411.78844pt>
File: ./images/distribuicao_carteiras.png Graphic file (type png)
<use ./images/distribuicao_carteiras.png>
Package pdftex.def Info: ./images/distribuicao_carteiras.png  used on input line 112.
(pdftex.def)             Requested size: 398.3386pt x 146.4341pt.
 [32

 <./images/distribuicao_carteiras.png>] [33

]
<./images/boxplot_inv.png, id=3236, 289.8027pt x 587.5551pt>
File: ./images/boxplot_inv.png Graphic file (type png)
<use ./images/boxplot_inv.png>
Package pdftex.def Info: ./images/boxplot_inv.png  used on input line 179.
(pdftex.def)             Requested size: 79.66649pt x 161.51987pt.
 [34

 <./images/boxplot_inv.png>]
<./images/retorno_acumulado.png, id=3329, 395.3169pt x 298.4751pt>
File: ./images/retorno_acumulado.png Graphic file (type png)
<use ./images/retorno_acumulado.png>
Package pdftex.def Info: ./images/retorno_acumulado.png  used on input line 216.
(pdftex.def)             Requested size: 179.25114pt x 135.33728pt.
<./images/success_results.png, id=3330, 218.9781pt x 587.5551pt>
File: ./images/success_results.png Graphic file (type png)
<use ./images/success_results.png>
Package pdftex.def Info: ./images/success_results.png  used on input line 216.
(pdftex.def)             Requested size: 59.75139pt x 160.31851pt.

Overfull \vbox (6.69366pt too high) detected at line 216
 []

[35

 <./images/retorno_acumulado.png> <./images/success_results.png>]
<./images/boxplot_val_01.png, id=3425, 596.2275pt x 487.8225pt>
File: ./images/boxplot_val_01.png Graphic file (type png)
<use ./images/boxplot_val_01.png>
Package pdftex.def Info: ./images/boxplot_val_01.png  used on input line 256.
(pdftex.def)             Requested size: 195.18506pt x 159.69418pt.
 [36

 <./images/boxplot_val_01.png>]
<./images/freq.png, id=3518, 413.3844pt x 331.7193pt>
File: ./images/freq.png Graphic file (type png)
<use ./images/freq.png>
Package pdftex.def Info: ./images/freq.png  used on input line 294.
(pdftex.def)             Requested size: 195.18506pt x 156.62683pt.
<./images/boxplotval_zoom.png, id=3519, 605.6226pt x 487.8225pt>
File: ./images/boxplotval_zoom.png Graphic file (type png)
<use ./images/boxplotval_zoom.png>
Package pdftex.def Info: ./images/boxplotval_zoom.png  used on input line 294.
(pdftex.def)             Requested size: 195.18506pt x 157.21547pt.
 [37

 <./images/freq.png> <./images/boxplotval_zoom.png>]
<./images/backtest_ts.png, id=3615, 395.3169pt x 298.4751pt>
File: ./images/backtest_ts.png Graphic file (type png)
<use ./images/backtest_ts.png>
Package pdftex.def Info: ./images/backtest_ts.png  used on input line 314.
(pdftex.def)             Requested size: 199.1693pt x 150.37576pt.
 [38

 <./images/backtest_ts.png>] [39

]) (5_conclusao.tex [40

] [41

]) (apresentacao.bbl) [42

] [43


] [44


] [45


] [46

]
\tf@nav=\write6
\openout6 = `apresentacao.nav'.

\tf@toc=\write7
\openout7 = `apresentacao.toc'.

\tf@snm=\write8
\openout8 = `apresentacao.snm'.

 (apresentacao.aux)
 ***********
LaTeX2e <2023-06-01> patch level 1
L3 programming layer <2023-06-16>
 ***********
Package rerunfilecheck Info: File `apresentacao.out' has not changed.
(rerunfilecheck)             Checksum: E7232BF369C3D5955DE4AC93F2005324;541.
 ) 
Here is how much of TeX's memory you used:
 44170 strings out of 477945
 1072059 string characters out of 2830793
 1892769 words of memory out of 3000000
 63670 multiletter control sequences out of 15000+600000
 583966 words of font info for 114 fonts, out of 8000000 for 9000
 14 hyphenation exceptions out of 8191
 128i,19n,126p,1998b,1116s stack positions out of 10000i,1000n,20000p,200000b,80000s
{/home/intel-nuc/.miktex/texmfs/install/fonts/enc/dvips/base/8r.enc}</home/intel-nuc/.miktex/texmfs/install/fonts/type1/public/amsfonts/cmextra/cmex9.pfb></home/intel-nuc/.miktex/texmfs/install/fonts/type1/public/amsfonts/cm/cmmi10.pfb></home/intel-nuc/.miktex/texmfs/install/fonts/type1/public/amsfonts/cm/cmmi12.pfb></home/intel-nuc/.miktex/texmfs/install/fonts/type1/public/amsfonts/cm/cmmi6.pfb></home/intel-nuc/.miktex/texmfs/install/fonts/type1/public/amsfonts/cm/cmmi8.pfb></home/intel-nuc/.miktex/texmfs/install/fonts/type1/public/amsfonts/cm/cmmi9.pfb></home/intel-nuc/.miktex/texmfs/install/fonts/type1/public/amsfonts/cm/cmss10.pfb></home/intel-nuc/.miktex/texmfs/install/fonts/type1/public/amsfonts/cm/cmss12.pfb></home/intel-nuc/.miktex/texmfs/install/fonts/type1/public/amsfonts/cm/cmss8.pfb></home/intel-nuc/.miktex/texmfs/install/fonts/type1/public/amsfonts/cm/cmss9.pfb></home/intel-nuc/.miktex/texmfs/install/fonts/type1/public/amsfonts/cm/cmsy10.pfb></home/intel-nuc/.miktex/texmfs/install/fonts/type1/public/amsfonts/cm/cmsy9.pfb></home/intel-nuc/.miktex/texmfs/install/fonts/type1/public/amsfonts/symbols/msbm10.pfb></home/intel-nuc/.miktex/texmfs/install/fonts/type1/urw/helvetic/uhvb8a.pfb></home/intel-nuc/.miktex/texmfs/install/fonts/type1/urw/helvetic/uhvr8a.pfb></home/intel-nuc/.miktex/texmfs/install/fonts/type1/urw/helvetic/uhvro8a.pfb>
Output written on apresentacao.pdf (46 pages, 2566079 bytes).
PDF statistics:
 4331 PDF objects out of 5155 (max. 8388607)
 157 named destinations out of 1000 (max. 500000)
 198 words of extra memory for PDF output out of 10000 (max. 10000000)

